This file contains any messages produced by compilers while
running configure, to aid debugging if configure makes a mistake.

It was created by test configure 1.0, which was
generated by GNU Autoconf 2.68.  Invocation command line was

  $ ./configure 

## --------- ##
## Platform. ##
## --------- ##

hostname = HWserver
uname -m = x86_64
uname -r = 3.2.42
uname -s = Linux
uname -v = #1 SMP Tue Aug 4 11:28:29 KST 2015

/usr/bin/uname -p = unknown
/bin/uname -X     = unknown

/bin/arch              = unknown
/usr/bin/arch -k       = unknown
/usr/convex/getsysinfo = unknown
/usr/bin/hostinfo      = unknown
/bin/machine           = unknown
/usr/bin/oslevel       = unknown
/bin/universe          = unknown

PATH: /home/jong2ry/BIN_UTIL
PATH: /home/jong2ry/BIN_OS
PATH: /home/jong2ry/bin
PATH: /usr/local/sbin
PATH: /usr/local/bin
PATH: /usr/sbin
PATH: /usr/bin
PATH: /sbin
PATH: /bin
PATH: /usr/games


## ----------- ##
## Core tests. ##
## ----------- ##

configure:2161: checking for a BSD-compatible install
configure:2229: result: /usr/bin/install -c
configure:2240: checking whether build environment is sane
configure:2290: result: yes
configure:2431: checking for a thread-safe mkdir -p
configure:2470: result: /bin/mkdir -p
configure:2483: checking for gawk
configure:2499: found /usr/bin/gawk
configure:2510: result: gawk
configure:2521: checking whether make sets $(MAKE)
configure:2543: result: yes
configure:2676: checking for gcc
configure:2692: found /usr/bin/gcc
configure:2703: result: gcc
configure:2932: checking for C compiler version
configure:2941: gcc --version >&5
gcc (Ubuntu/Linaro 4.6.3-1ubuntu5) 4.6.3
Copyright (C) 2011 Free Software Foundation, Inc.
This is free software; see the source for copying conditions.  There is NO
warranty; not even for MERCHANTABILITY or FITNESS FOR A PARTICULAR PURPOSE.

configure:2952: $? = 0
configure:2941: gcc -v >&5
Using built-in specs.
COLLECT_GCC=gcc
COLLECT_LTO_WRAPPER=/usr/lib/gcc/x86_64-linux-gnu/4.6/lto-wrapper
Target: x86_64-linux-gnu
Configured with: ../src/configure -v --with-pkgversion='Ubuntu/Linaro 4.6.3-1ubuntu5' --with-bugurl=file:///usr/share/doc/gcc-4.6/README.Bugs --enable-languages=c,c++,fortran,objc,obj-c++ --prefix=/usr --program-suffix=-4.6 --enable-shared --enable-linker-build-id --with-system-zlib --libexecdir=/usr/lib --without-included-gettext --enable-threads=posix --with-gxx-include-dir=/usr/include/c++/4.6 --libdir=/usr/lib --enable-nls --with-sysroot=/ --enable-clocale=gnu --enable-libstdcxx-debug --enable-libstdcxx-time=yes --enable-gnu-unique-object --enable-plugin --enable-objc-gc --disable-werror --with-arch-32=i686 --with-tune=generic --enable-checking=release --build=x86_64-linux-gnu --host=x86_64-linux-gnu --target=x86_64-linux-gnu
Thread model: posix
gcc version 4.6.3 (Ubuntu/Linaro 4.6.3-1ubuntu5) 
configure:2952: $? = 0
configure:2941: gcc -V >&5
gcc: error: unrecognized option '-V'
gcc: fatal error: no input files
compilation terminated.
configure:2952: $? = 4
configure:2941: gcc -qversion >&5
gcc: error: unrecognized option '-qversion'
gcc: fatal error: no input files
compilation terminated.
configure:2952: $? = 4
configure:2972: checking whether the C compiler works
configure:2994: gcc    conftest.c  >&5
configure:2998: $? = 0
configure:3046: result: yes
configure:3049: checking for C compiler default output file name
configure:3051: result: a.out
configure:3057: checking for suffix of executables
configure:3064: gcc -o conftest    conftest.c  >&5
configure:3068: $? = 0
configure:3090: result: 
configure:3112: checking whether we are cross compiling
configure:3120: gcc -o conftest    conftest.c  >&5
configure:3124: $? = 0
configure:3131: ./conftest
configure:3135: $? = 0
configure:3150: result: no
configure:3155: checking for suffix of object files
configure:3177: gcc -c   conftest.c >&5
configure:3181: $? = 0
configure:3202: result: o
configure:3206: checking whether we are using the GNU C compiler
configure:3225: gcc -c   conftest.c >&5
configure:3225: $? = 0
configure:3234: result: yes
configure:3243: checking whether gcc accepts -g
configure:3263: gcc -c -g  conftest.c >&5
configure:3263: $? = 0
configure:3304: result: yes
configure:3321: checking for gcc option to accept ISO C89
configure:3385: gcc  -c -g -O2  conftest.c >&5
configure:3385: $? = 0
configure:3398: result: none needed
configure:3429: checking for style of include used by make
configure:3457: result: GNU
configure:3483: checking dependency style of gcc
configure:3594: result: gcc3
configure:3619: checking how to run the C preprocessor
configure:3650: gcc -E  conftest.c
configure:3650: $? = 0
configure:3664: gcc -E  conftest.c
conftest.c:11:28: fatal error: ac_nonexistent.h: No such file or directory
compilation terminated.
configure:3664: $? = 1
configure: failed program was:
| /* confdefs.h */
| #define PACKAGE_NAME "test"
| #define PACKAGE_TARNAME "test"
| #define PACKAGE_VERSION "1.0"
| #define PACKAGE_STRING "test 1.0"
| #define PACKAGE_BUGREPORT "jong2ry@gmail.com"
| #define PACKAGE_URL ""
| #define PACKAGE "test"
| #define VERSION "1.0"
| /* end confdefs.h.  */
| #include <ac_nonexistent.h>
configure:3689: result: gcc -E
configure:3709: gcc -E  conftest.c
configure:3709: $? = 0
configure:3723: gcc -E  conftest.c
conftest.c:11:28: fatal error: ac_nonexistent.h: No such file or directory
compilation terminated.
configure:3723: $? = 1
configure: failed program was:
| /* confdefs.h */
| #define PACKAGE_NAME "test"
| #define PACKAGE_TARNAME "test"
| #define PACKAGE_VERSION "1.0"
| #define PACKAGE_STRING "test 1.0"
| #define PACKAGE_BUGREPORT "jong2ry@gmail.com"
| #define PACKAGE_URL ""
| #define PACKAGE "test"
| #define VERSION "1.0"
| /* end confdefs.h.  */
| #include <ac_nonexistent.h>
configure:3752: checking for grep that handles long lines and -e
configure:3810: result: /bin/grep
configure:3815: checking for egrep
configure:3877: result: /bin/grep -E
configure:3882: checking for ANSI C header files
configure:3902: gcc -c -g -O2  conftest.c >&5
configure:3902: $? = 0
configure:3975: gcc -o conftest -g -O2   conftest.c  >&5
configure:3975: $? = 0
configure:3975: ./conftest
configure:3975: $? = 0
configure:3986: result: yes
configure:3999: checking for sys/types.h
configure:3999: gcc -c -g -O2  conftest.c >&5
configure:3999: $? = 0
configure:3999: result: yes
configure:3999: checking for sys/stat.h
configure:3999: gcc -c -g -O2  conftest.c >&5
configure:3999: $? = 0
configure:3999: result: yes
configure:3999: checking for stdlib.h
configure:3999: gcc -c -g -O2  conftest.c >&5
configure:3999: $? = 0
configure:3999: result: yes
configure:3999: checking for string.h
configure:3999: gcc -c -g -O2  conftest.c >&5
configure:3999: $? = 0
configure:3999: result: yes
configure:3999: checking for memory.h
configure:3999: gcc -c -g -O2  conftest.c >&5
configure:3999: $? = 0
configure:3999: result: yes
configure:3999: checking for strings.h
configure:3999: gcc -c -g -O2  conftest.c >&5
configure:3999: $? = 0
configure:3999: result: yes
configure:3999: checking for inttypes.h
configure:3999: gcc -c -g -O2  conftest.c >&5
configure:3999: $? = 0
configure:3999: result: yes
configure:3999: checking for stdint.h
configure:3999: gcc -c -g -O2  conftest.c >&5
configure:3999: $? = 0
configure:3999: result: yes
configure:3999: checking for unistd.h
configure:3999: gcc -c -g -O2  conftest.c >&5
configure:3999: $? = 0
configure:3999: result: yes
configure:4014: checking fcntl.h usability
configure:4014: gcc -c -g -O2  conftest.c >&5
configure:4014: $? = 0
configure:4014: result: yes
configure:4014: checking fcntl.h presence
configure:4014: gcc -E  conftest.c
configure:4014: $? = 0
configure:4014: result: yes
configure:4014: checking for fcntl.h
configure:4014: result: yes
configure:4014: checking for stdlib.h
configure:4014: result: yes
configure:4014: checking for string.h
configure:4014: result: yes
configure:4014: checking termios.h usability
configure:4014: gcc -c -g -O2  conftest.c >&5
configure:4014: $? = 0
configure:4014: result: yes
configure:4014: checking termios.h presence
configure:4014: gcc -E  conftest.c
configure:4014: $? = 0
configure:4014: result: yes
configure:4014: checking for termios.h
configure:4014: result: yes
configure:4014: checking for unistd.h
configure:4014: result: yes
configure:4030: checking for memset
configure:4030: gcc -o conftest -g -O2   conftest.c  >&5
conftest.c:49:6: warning: conflicting types for built-in function 'memset' [enabled by default]
configure:4030: $? = 0
configure:4030: result: yes
configure:4172: creating ./config.status

## ---------------------- ##
## Running config.status. ##
## ---------------------- ##

This file was extended by test config.status 1.0, which was
generated by GNU Autoconf 2.68.  Invocation command line was

  CONFIG_FILES    = 
  CONFIG_HEADERS  = 
  CONFIG_LINKS    = 
  CONFIG_COMMANDS = 
  $ ./config.status 

on HWserver

config.status:867: creating Makefile
config.status:867: creating src/Makefile
config.status:867: creating config.h
config.status:1096: executing depfiles commands

## ---------------- ##
## Cache variables. ##
## ---------------- ##

ac_cv_c_compiler_gnu=yes
ac_cv_env_CC_set=
ac_cv_env_CC_value=
ac_cv_env_CFLAGS_set=
ac_cv_env_CFLAGS_value=
ac_cv_env_CPPFLAGS_set=
ac_cv_env_CPPFLAGS_value=
ac_cv_env_CPP_set=
ac_cv_env_CPP_value=
ac_cv_env_LDFLAGS_set=
ac_cv_env_LDFLAGS_value=
ac_cv_env_LIBS_set=
ac_cv_env_LIBS_value=
ac_cv_env_build_alias_set=
ac_cv_env_build_alias_value=
ac_cv_env_host_alias_set=
ac_cv_env_host_alias_value=
ac_cv_env_target_alias_set=
ac_cv_env_target_alias_value=
ac_cv_func_memset=yes
ac_cv_header_fcntl_h=yes
ac_cv_header_inttypes_h=yes
ac_cv_header_memory_h=yes
ac_cv_header_stdc=yes
ac_cv_header_stdint_h=yes
ac_cv_header_stdlib_h=yes
ac_cv_header_string_h=yes
ac_cv_header_strings_h=yes
ac_cv_header_sys_stat_h=yes
ac_cv_header_sys_types_h=yes
ac_cv_header_termios_h=yes
ac_cv_header_unistd_h=yes
ac_cv_objext=o
ac_cv_path_EGREP='/bin/grep -E'
ac_cv_path_GREP=/bin/grep
ac_cv_path_install='/usr/bin/install -c'
ac_cv_path_mkdir=/bin/mkdir
ac_cv_prog_AWK=gawk
ac_cv_prog_CPP='gcc -E'
ac_cv_prog_ac_ct_CC=gcc
ac_cv_prog_cc_c89=
ac_cv_prog_cc_g=yes
ac_cv_prog_make_make_set=yes
am_cv_CC_dependencies_compiler_type=gcc3

## ----------------- ##
## Output variables. ##
## ----------------- ##

ACLOCAL='${SHELL} /home_ssd/jong2ry/TEST/TC_Test_Code/150828_AM_AutoMake/missing --run aclocal-1.11'
AMDEPBACKSLASH='\'
AMDEP_FALSE='#'
AMDEP_TRUE=''
AMTAR='$${TAR-tar}'
AUTOCONF='${SHELL} /home_ssd/jong2ry/TEST/TC_Test_Code/150828_AM_AutoMake/missing --run autoconf'
AUTOHEADER='${SHELL} /home_ssd/jong2ry/TEST/TC_Test_Code/150828_AM_AutoMake/missing --run autoheader'
AUTOMAKE='${SHELL} /home_ssd/jong2ry/TEST/TC_Test_Code/150828_AM_AutoMake/missing --run automake-1.11'
AWK='gawk'
CC='gcc'
CCDEPMODE='depmode=gcc3'
CFLAGS='-g -O2'
CPP='gcc -E'
CPPFLAGS=''
CYGPATH_W='echo'
DEFS='-DHAVE_CONFIG_H'
DEPDIR='.deps'
ECHO_C=''
ECHO_N='-n'
ECHO_T=''
EGREP='/bin/grep -E'
EXEEXT=''
GREP='/bin/grep'
INSTALL_DATA='${INSTALL} -m 644'
INSTALL_PROGRAM='${INSTALL}'
INSTALL_SCRIPT='${INSTALL}'
INSTALL_STRIP_PROGRAM='$(install_sh) -c -s'
LDFLAGS=''
LIBOBJS=''
LIBS=''
LTLIBOBJS=''
MAKEINFO='${SHELL} /home_ssd/jong2ry/TEST/TC_Test_Code/150828_AM_AutoMake/missing --run makeinfo'
MKDIR_P='/bin/mkdir -p'
OBJEXT='o'
PACKAGE='test'
PACKAGE_BUGREPORT='jong2ry@gmail.com'
PACKAGE_NAME='test'
PACKAGE_STRING='test 1.0'
PACKAGE_TARNAME='test'
PACKAGE_URL=''
PACKAGE_VERSION='1.0'
PATH_SEPARATOR=':'
SET_MAKE=''
SHELL='/bin/sh'
STRIP=''
VERSION='1.0'
ac_ct_CC='gcc'
am__EXEEXT_FALSE=''
am__EXEEXT_TRUE='#'
am__fastdepCC_FALSE='#'
am__fastdepCC_TRUE=''
am__include='include'
am__isrc=''
am__leading_dot='.'
am__nodep='_no'
am__quote=''
am__tar='$${TAR-tar} chof - "$$tardir"'
am__untar='$${TAR-tar} xf -'
bindir='${exec_prefix}/bin'
build_alias=''
datadir='${datarootdir}'
datarootdir='${prefix}/share'
docdir='${datarootdir}/doc/${PACKAGE_TARNAME}'
dvidir='${docdir}'
exec_prefix='${prefix}'
host_alias=''
htmldir='${docdir}'
includedir='${prefix}/include'
infodir='${datarootdir}/info'
install_sh='${SHELL} /home_ssd/jong2ry/TEST/TC_Test_Code/150828_AM_AutoMake/install-sh'
libdir='${exec_prefix}/lib'
libexecdir='${exec_prefix}/libexec'
localedir='${datarootdir}/locale'
localstatedir='${prefix}/var'
mandir='${datarootdir}/man'
mkdir_p='/bin/mkdir -p'
oldincludedir='/usr/include'
pdfdir='${docdir}'
prefix='/usr/local'
program_transform_name='s,x,x,'
psdir='${docdir}'
sbindir='${exec_prefix}/sbin'
sharedstatedir='${prefix}/com'
sysconfdir='${prefix}/etc'
target_alias=''

## ----------- ##
## confdefs.h. ##
## ----------- ##

/* confdefs.h */
#define PACKAGE_NAME "test"
#define PACKAGE_TARNAME "test"
#define PACKAGE_VERSION "1.0"
#define PACKAGE_STRING "test 1.0"
#define PACKAGE_BUGREPORT "jong2ry@gmail.com"
#define PACKAGE_URL ""
#define PACKAGE "test"
#define VERSION "1.0"
#define STDC_HEADERS 1
#define HAVE_SYS_TYPES_H 1
#define HAVE_SYS_STAT_H 1
#define HAVE_STDLIB_H 1
#define HAVE_STRING_H 1
#define HAVE_MEMORY_H 1
#define HAVE_STRINGS_H 1
#define HAVE_INTTYPES_H 1
#define HAVE_STDINT_H 1
#define HAVE_UNISTD_H 1
#define HAVE_FCNTL_H 1
#define HAVE_STDLIB_H 1
#define HAVE_STRING_H 1
#define HAVE_TERMIOS_H 1
#define HAVE_UNISTD_H 1
#define HAVE_MEMSET 1

configure: exit 0

## ---------------------- ##
## Running config.status. ##
## ---------------------- ##

This file was extended by test config.status 1.0, which was
generated by GNU Autoconf 2.68.  Invocation command line was

  CONFIG_FILES    = 
  CONFIG_HEADERS  = 
  CONFIG_LINKS    = 
  CONFIG_COMMANDS = 
  $ ./config.status config.h

on HWserver

config.status:867: creating config.h
config.status:1048: config.h is unchanged
